2021-04-01 08:46:45,436 | train | INFO | Epoch 0, Train, Mean loss: 0.5709364816581778, Accuracy: 0.8325066031050699
2021-04-01 08:46:47,724 | train | INFO | Epoch 0, Validation, Mean loss: 0.2515176116707532, Accuracy: 0.9255072463768116
2021-04-01 08:46:47,725 | train | INFO | Write row 0
2021-04-01 08:46:47,739 | train | INFO | Model saved: /workspace/template_project/image_classification/results/train/DNN_20210401_084551/model.pt
2021-04-01 08:46:47,739 | train | INFO | Update best record row 1, check point sinf -> 0.2515176116707532
2021-04-01 08:46:47,956 | train | INFO | Save performance plot /workspace/template_project/image_classification/results/train/DNN_20210401_084551
2021-04-01 08:47:38,541 | train | INFO | Epoch 1, Train, Mean loss: 0.22827381565359328, Accuracy: 0.9338884236294531
2021-04-01 08:47:41,059 | train | INFO | Epoch 1, Validation, Mean loss: 0.19556913264851639, Accuracy: 0.9356521739130435
2021-04-01 08:47:41,059 | train | INFO | Early stopper, Validation loss decreased 0.2515176116707532 -> 0.19556913264851639
2021-04-01 08:47:41,059 | train | INFO | Write row 1
2021-04-01 08:47:41,070 | train | INFO | Model saved: /workspace/template_project/image_classification/results/train/DNN_20210401_084551/model.pt
2021-04-01 08:47:41,070 | train | INFO | Update best record row 2, check point s0.2515176116707532 -> 0.19556913264851639
2021-04-01 08:47:41,256 | train | INFO | Save performance plot /workspace/template_project/image_classification/results/train/DNN_20210401_084551
2021-04-01 08:48:31,226 | train | INFO | Epoch 2, Train, Mean loss: 0.17197414161601426, Accuracy: 0.9493493525736004
2021-04-01 08:48:33,494 | train | INFO | Epoch 2, Validation, Mean loss: 0.14660070561844368, Accuracy: 0.952463768115942
2021-04-01 08:48:33,495 | train | INFO | Early stopper, Validation loss decreased 0.19556913264851639 -> 0.14660070561844368
2021-04-01 08:48:33,495 | train | INFO | Write row 2
2021-04-01 08:48:33,513 | train | INFO | Model saved: /workspace/template_project/image_classification/results/train/DNN_20210401_084551/model.pt
2021-04-01 08:48:33,513 | train | INFO | Update best record row 3, check point s0.19556913264851639 -> 0.14660070561844368
2021-04-01 08:48:33,697 | train | INFO | Save performance plot /workspace/template_project/image_classification/results/train/DNN_20210401_084551
2021-04-01 08:49:24,146 | train | INFO | Epoch 3, Train, Mean loss: 0.13929570328966825, Accuracy: 0.9589641177607421
2021-04-01 08:49:26,502 | train | INFO | Epoch 3, Validation, Mean loss: 0.12467609379332567, Accuracy: 0.9617391304347827
2021-04-01 08:49:26,503 | train | INFO | Early stopper, Validation loss decreased 0.14660070561844368 -> 0.12467609379332567
2021-04-01 08:49:26,503 | train | INFO | Write row 3
2021-04-01 08:49:26,519 | train | INFO | Model saved: /workspace/template_project/image_classification/results/train/DNN_20210401_084551/model.pt
2021-04-01 08:49:26,520 | train | INFO | Update best record row 4, check point s0.14660070561844368 -> 0.12467609379332567
2021-04-01 08:49:26,715 | train | INFO | Save performance plot /workspace/template_project/image_classification/results/train/DNN_20210401_084551
2021-04-01 08:50:17,739 | train | INFO | Epoch 4, Train, Mean loss: 0.11555721168736663, Accuracy: 0.9662597436062617
2021-04-01 08:50:19,936 | train | INFO | Epoch 4, Validation, Mean loss: 0.1277868143801807, Accuracy: 0.9620289855072464
2021-04-01 08:50:19,937 | train | INFO | Early stopper, Early stopping counter 1/5
2021-04-01 08:50:19,938 | train | INFO | Write row 4
2021-04-01 08:50:20,149 | train | INFO | Save performance plot /workspace/template_project/image_classification/results/train/DNN_20210401_084551
2021-04-01 08:51:10,683 | train | INFO | Epoch 5, Train, Mean loss: 0.09933320517686654, Accuracy: 0.9711718095728918
2021-04-01 08:51:13,015 | train | INFO | Epoch 5, Validation, Mean loss: 0.11745707051335848, Accuracy: 0.9649275362318841
2021-04-01 08:51:13,016 | train | INFO | Early stopper, Validation loss decreased 0.12467609379332567 -> 0.11745707051335848
2021-04-01 08:51:13,017 | train | INFO | Write row 5
2021-04-01 08:51:13,032 | train | INFO | Model saved: /workspace/template_project/image_classification/results/train/DNN_20210401_084551/model.pt
2021-04-01 08:51:13,032 | train | INFO | Update best record row 6, check point s0.12467609379332567 -> 0.11745707051335848
2021-04-01 08:51:13,239 | train | INFO | Save performance plot /workspace/template_project/image_classification/results/train/DNN_20210401_084551
2021-04-01 08:52:04,137 | train | INFO | Epoch 6, Train, Mean loss: 0.08557001944829071, Accuracy: 0.9749726212716614
2021-04-01 08:52:06,474 | train | INFO | Epoch 6, Validation, Mean loss: 0.1006597204990955, Accuracy: 0.9669565217391304
2021-04-01 08:52:06,475 | train | INFO | Early stopper, Validation loss decreased 0.11745707051335848 -> 0.1006597204990955
2021-04-01 08:52:06,476 | train | INFO | Write row 6
2021-04-01 08:52:06,491 | train | INFO | Model saved: /workspace/template_project/image_classification/results/train/DNN_20210401_084551/model.pt
2021-04-01 08:52:06,491 | train | INFO | Update best record row 7, check point s0.11745707051335848 -> 0.1006597204990955
2021-04-01 08:52:06,709 | train | INFO | Save performance plot /workspace/template_project/image_classification/results/train/DNN_20210401_084551
2021-04-01 08:52:57,477 | train | INFO | Epoch 7, Train, Mean loss: 0.07462975421983205, Accuracy: 0.9782419635379759
2021-04-01 08:52:59,740 | train | INFO | Epoch 7, Validation, Mean loss: 0.10180663547508985, Accuracy: 0.9652173913043478
2021-04-01 08:52:59,740 | train | INFO | Early stopper, Early stopping counter 2/5
2021-04-01 08:52:59,741 | train | INFO | Write row 7
2021-04-01 08:52:59,973 | train | INFO | Save performance plot /workspace/template_project/image_classification/results/train/DNN_20210401_084551
2021-04-01 08:53:51,298 | train | INFO | Epoch 8, Train, Mean loss: 0.06511527776308323, Accuracy: 0.9809798363718354
2021-04-01 08:53:53,681 | train | INFO | Epoch 8, Validation, Mean loss: 0.09167046430033118, Accuracy: 0.9701449275362319
2021-04-01 08:53:53,682 | train | INFO | Early stopper, Validation loss decreased 0.1006597204990955 -> 0.09167046430033118
2021-04-01 08:53:53,682 | train | INFO | Write row 8
2021-04-01 08:53:53,697 | train | INFO | Model saved: /workspace/template_project/image_classification/results/train/DNN_20210401_084551/model.pt
2021-04-01 08:53:53,697 | train | INFO | Update best record row 9, check point s0.1006597204990955 -> 0.09167046430033118
2021-04-01 08:53:53,936 | train | INFO | Save performance plot /workspace/template_project/image_classification/results/train/DNN_20210401_084551
2021-04-01 08:54:45,400 | train | INFO | Epoch 9, Train, Mean loss: 0.057793574484259036, Accuracy: 0.9829607678928042
2021-04-01 08:54:47,771 | train | INFO | Epoch 9, Validation, Mean loss: 0.08751496943527076, Accuracy: 0.9710144927536232
2021-04-01 08:54:47,772 | train | INFO | Early stopper, Validation loss decreased 0.09167046430033118 -> 0.08751496943527076
2021-04-01 08:54:47,772 | train | INFO | Write row 9
2021-04-01 08:54:47,787 | train | INFO | Model saved: /workspace/template_project/image_classification/results/train/DNN_20210401_084551/model.pt
2021-04-01 08:54:47,787 | train | INFO | Update best record row 10, check point s0.09167046430033118 -> 0.08751496943527076
2021-04-01 08:54:48,014 | train | INFO | Save performance plot /workspace/template_project/image_classification/results/train/DNN_20210401_084551
2021-04-01 08:55:38,299 | train | INFO | Epoch 10, Train, Mean loss: 0.0499869545638528, Accuracy: 0.9855375893834954
2021-04-01 08:55:40,517 | train | INFO | Epoch 10, Validation, Mean loss: 0.08836570331348913, Accuracy: 0.972463768115942
2021-04-01 08:55:40,518 | train | INFO | Early stopper, Early stopping counter 3/5
2021-04-01 08:55:40,518 | train | INFO | Write row 10
2021-04-01 08:55:40,773 | train | INFO | Save performance plot /workspace/template_project/image_classification/results/train/DNN_20210401_084551
2021-04-01 08:56:32,689 | train | INFO | Epoch 11, Train, Mean loss: 0.043943159774823756, Accuracy: 0.9877278876505831
2021-04-01 08:56:35,169 | train | INFO | Epoch 11, Validation, Mean loss: 0.08220785965795453, Accuracy: 0.9710144927536232
2021-04-01 08:56:35,170 | train | INFO | Early stopper, Validation loss decreased 0.08751496943527076 -> 0.08220785965795453
2021-04-01 08:56:35,170 | train | INFO | Write row 11
2021-04-01 08:56:35,183 | train | INFO | Model saved: /workspace/template_project/image_classification/results/train/DNN_20210401_084551/model.pt
2021-04-01 08:56:35,183 | train | INFO | Update best record row 12, check point s0.08751496943527076 -> 0.08220785965795453
2021-04-01 08:56:35,434 | train | INFO | Save performance plot /workspace/template_project/image_classification/results/train/DNN_20210401_084551
2021-04-01 08:57:27,453 | train | INFO | Epoch 12, Train, Mean loss: 0.038654184009679196, Accuracy: 0.9894028216195323
2021-04-01 08:57:29,752 | train | INFO | Epoch 12, Validation, Mean loss: 0.07872663574478846, Accuracy: 0.9759420289855072
2021-04-01 08:57:29,752 | train | INFO | Early stopper, Validation loss decreased 0.08220785965795453 -> 0.07872663574478846
2021-04-01 08:57:29,753 | train | INFO | Write row 12
2021-04-01 08:57:29,771 | train | INFO | Model saved: /workspace/template_project/image_classification/results/train/DNN_20210401_084551/model.pt
2021-04-01 08:57:29,771 | train | INFO | Update best record row 13, check point s0.08220785965795453 -> 0.07872663574478846
2021-04-01 08:57:30,020 | train | INFO | Save performance plot /workspace/template_project/image_classification/results/train/DNN_20210401_084551
2021-04-01 08:58:21,110 | train | INFO | Epoch 13, Train, Mean loss: 0.033553151338259944, Accuracy: 0.9911743863943825
2021-04-01 08:58:23,431 | train | INFO | Epoch 13, Validation, Mean loss: 0.08937118018048078, Accuracy: 0.9730434782608696
2021-04-01 08:58:23,431 | train | INFO | Early stopper, Early stopping counter 4/5
2021-04-01 08:58:23,432 | train | INFO | Write row 13
2021-04-01 08:58:23,693 | train | INFO | Save performance plot /workspace/template_project/image_classification/results/train/DNN_20210401_084551
2021-04-01 08:59:14,376 | train | INFO | Epoch 14, Train, Mean loss: 0.028896040404875544, Accuracy: 0.9925433228113123
2021-04-01 08:59:16,758 | train | INFO | Epoch 14, Validation, Mean loss: 0.07842947443542272, Accuracy: 0.9736231884057971
2021-04-01 08:59:16,759 | train | INFO | Early stopper, Validation loss decreased 0.07872663574478846 -> 0.07842947443542272
2021-04-01 08:59:16,760 | train | INFO | Write row 14
2021-04-01 08:59:16,774 | train | INFO | Model saved: /workspace/template_project/image_classification/results/train/DNN_20210401_084551/model.pt
2021-04-01 08:59:16,774 | train | INFO | Update best record row 15, check point s0.07872663574478846 -> 0.07842947443542272
2021-04-01 08:59:17,092 | train | INFO | Save performance plot /workspace/template_project/image_classification/results/train/DNN_20210401_084551
2021-04-01 09:00:08,570 | train | INFO | Epoch 15, Train, Mean loss: 0.025692357182489058, Accuracy: 0.993638471944856
2021-04-01 09:00:10,695 | train | INFO | Epoch 15, Validation, Mean loss: 0.08812737994015164, Accuracy: 0.9739130434782609
2021-04-01 09:00:10,695 | train | INFO | Early stopper, Early stopping counter 5/5
2021-04-01 09:00:10,696 | train | INFO | Write row 15
2021-04-01 09:00:10,973 | train | INFO | Save performance plot /workspace/template_project/image_classification/results/train/DNN_20210401_084551
2021-04-01 09:00:11,123 | train | INFO | Save best record /workspace/template_project/image_classification/results/train/train_best_record.csv
